This file contains any messages produced by compilers while
running configure, to aid debugging if configure makes a mistake.

It was created by configure, which was
generated by GNU Autoconf 2.59.  Invocation command line was

  $ ./configure 

## --------- ##
## Platform. ##
## --------- ##

hostname = tut
uname -m = x86_64
uname -r = 2.6.32-573.el6.x86_64
uname -s = Linux
uname -v = #1 SMP Thu Jul 23 15:44:03 UTC 2015

/usr/bin/uname -p = unknown
/bin/uname -X     = unknown

/bin/arch              = x86_64
/usr/bin/arch -k       = unknown
/usr/convex/getsysinfo = unknown
hostinfo               = unknown
/bin/machine           = unknown
/usr/bin/oslevel       = unknown
/bin/universe          = unknown

PATH: /usr/lib64/qt-3.3/bin
PATH: /usr/local/bin
PATH: /usr/bin
PATH: /bin
PATH: /usr/local/sbin
PATH: /usr/sbin
PATH: /sbin
PATH: /home/tut/bin


## ----------- ##
## Core tests. ##
## ----------- ##

configure:1538: checking for a BSD-compatible install
configure:1593: result: /usr/bin/install -c
configure:1604: checking whether build environment is sane
configure:1647: result: yes
configure:1712: checking for gawk
configure:1728: found /usr/bin/gawk
configure:1738: result: gawk
configure:1748: checking whether make sets $(MAKE)
configure:1768: result: yes
configure:1938: checking whether to enable maintainer-specific portions of Makefiles
configure:1947: result: no
configure:1975: checking for style of include used by make
configure:2003: result: GNU
configure:2074: checking for gcc
configure:2090: found /usr/bin/gcc
configure:2100: result: gcc
configure:2344: checking for C compiler version
configure:2347: gcc --version </dev/null >&5
gcc (GCC) 4.4.7 20120313 (Red Hat 4.4.7-16)
Copyright (C) 2010 Free Software Foundation, Inc.
This is free software; see the source for copying conditions.  There is NO
warranty; not even for MERCHANTABILITY or FITNESS FOR A PARTICULAR PURPOSE.

configure:2350: $? = 0
configure:2352: gcc -v </dev/null >&5
Using built-in specs.
Target: x86_64-redhat-linux
Configured with: ../configure --prefix=/usr --mandir=/usr/share/man --infodir=/usr/share/info --with-bugurl=http://bugzilla.redhat.com/bugzilla --enable-bootstrap --enable-shared --enable-threads=posix --enable-checking=release --with-system-zlib --enable-__cxa_atexit --disable-libunwind-exceptions --enable-gnu-unique-object --enable-languages=c,c++,objc,obj-c++,java,fortran,ada --enable-java-awt=gtk --disable-dssi --with-java-home=/usr/lib/jvm/java-1.5.0-gcj-1.5.0.0/jre --enable-libgcj-multifile --enable-java-maintainer-mode --with-ecj-jar=/usr/share/java/eclipse-ecj.jar --disable-libjava-multilib --with-ppl --with-cloog --with-tune=generic --with-arch_32=i686 --build=x86_64-redhat-linux
Thread model: posix
gcc version 4.4.7 20120313 (Red Hat 4.4.7-16) (GCC) 
configure:2355: $? = 0
configure:2357: gcc -V </dev/null >&5
gcc: '-V' option must have argument
configure:2360: $? = 1
configure:2383: checking for C compiler default output file name
configure:2386: gcc    conftest.c  >&5
configure:2389: $? = 0
configure:2435: result: a.out
configure:2440: checking whether the C compiler works
configure:2446: ./a.out
configure:2449: $? = 0
configure:2466: result: yes
configure:2473: checking whether we are cross compiling
configure:2475: result: no
configure:2478: checking for suffix of executables
configure:2480: gcc -o conftest    conftest.c  >&5
configure:2483: $? = 0
configure:2508: result: 
configure:2514: checking for suffix of object files
configure:2535: gcc -c   conftest.c >&5
configure:2538: $? = 0
configure:2560: result: o
configure:2564: checking whether we are using the GNU C compiler
configure:2588: gcc -c   conftest.c >&5
configure:2594: $? = 0
configure:2598: test -z 
			 || test ! -s conftest.err
configure:2601: $? = 0
configure:2604: test -s conftest.o
configure:2607: $? = 0
configure:2620: result: yes
configure:2626: checking whether gcc accepts -g
configure:2647: gcc -c -g  conftest.c >&5
configure:2653: $? = 0
configure:2657: test -z 
			 || test ! -s conftest.err
configure:2660: $? = 0
configure:2663: test -s conftest.o
configure:2666: $? = 0
configure:2677: result: yes
configure:2694: checking for gcc option to accept ANSI C
configure:2764: gcc  -c -g -O2  conftest.c >&5
configure:2770: $? = 0
configure:2774: test -z 
			 || test ! -s conftest.err
configure:2777: $? = 0
configure:2780: test -s conftest.o
configure:2783: $? = 0
configure:2801: result: none needed
configure:2819: gcc -c -g -O2  conftest.c >&5
conftest.c:2: error: expected '=', ',', ';', 'asm' or '__attribute__' before 'me'
configure:2825: $? = 1
configure: failed program was:
| #ifndef __cplusplus
|   choke me
| #endif
configure:2960: checking dependency style of gcc
configure:3050: result: gcc3
configure:3068: checking for library containing strerror
configure:3098: gcc -o conftest -g -O2   conftest.c  >&5
configure:3104: $? = 0
configure:3108: test -z 
			 || test ! -s conftest.err
configure:3111: $? = 0
configure:3114: test -s conftest
configure:3117: $? = 0
configure:3187: result: none required
configure:3240: checking for gcc
configure:3266: result: gcc
configure:3510: checking for C compiler version
configure:3513: gcc --version </dev/null >&5
gcc (GCC) 4.4.7 20120313 (Red Hat 4.4.7-16)
Copyright (C) 2010 Free Software Foundation, Inc.
This is free software; see the source for copying conditions.  There is NO
warranty; not even for MERCHANTABILITY or FITNESS FOR A PARTICULAR PURPOSE.

configure:3516: $? = 0
configure:3518: gcc -v </dev/null >&5
Using built-in specs.
Target: x86_64-redhat-linux
Configured with: ../configure --prefix=/usr --mandir=/usr/share/man --infodir=/usr/share/info --with-bugurl=http://bugzilla.redhat.com/bugzilla --enable-bootstrap --enable-shared --enable-threads=posix --enable-checking=release --with-system-zlib --enable-__cxa_atexit --disable-libunwind-exceptions --enable-gnu-unique-object --enable-languages=c,c++,objc,obj-c++,java,fortran,ada --enable-java-awt=gtk --disable-dssi --with-java-home=/usr/lib/jvm/java-1.5.0-gcj-1.5.0.0/jre --enable-libgcj-multifile --enable-java-maintainer-mode --with-ecj-jar=/usr/share/java/eclipse-ecj.jar --disable-libjava-multilib --with-ppl --with-cloog --with-tune=generic --with-arch_32=i686 --build=x86_64-redhat-linux
Thread model: posix
gcc version 4.4.7 20120313 (Red Hat 4.4.7-16) (GCC) 
configure:3521: $? = 0
configure:3523: gcc -V </dev/null >&5
gcc: '-V' option must have argument
configure:3526: $? = 1
configure:3529: checking whether we are using the GNU C compiler
configure:3585: result: yes
configure:3591: checking whether gcc accepts -g
configure:3642: result: yes
configure:3659: checking for gcc option to accept ANSI C
configure:3766: result: none needed
configure:3784: gcc -c -g -O2  conftest.c >&5
conftest.c:2: error: expected '=', ',', ';', 'asm' or '__attribute__' before 'me'
configure:3790: $? = 1
configure: failed program was:
| #ifndef __cplusplus
|   choke me
| #endif
configure:3925: checking dependency style of gcc
configure:4015: result: gcc3
configure:4078: checking for gcc
configure:4104: result: gcc
configure:4348: checking for C compiler version
configure:4351: gcc --version </dev/null >&5
gcc (GCC) 4.4.7 20120313 (Red Hat 4.4.7-16)
Copyright (C) 2010 Free Software Foundation, Inc.
This is free software; see the source for copying conditions.  There is NO
warranty; not even for MERCHANTABILITY or FITNESS FOR A PARTICULAR PURPOSE.

configure:4354: $? = 0
configure:4356: gcc -v </dev/null >&5
Using built-in specs.
Target: x86_64-redhat-linux
Configured with: ../configure --prefix=/usr --mandir=/usr/share/man --infodir=/usr/share/info --with-bugurl=http://bugzilla.redhat.com/bugzilla --enable-bootstrap --enable-shared --enable-threads=posix --enable-checking=release --with-system-zlib --enable-__cxa_atexit --disable-libunwind-exceptions --enable-gnu-unique-object --enable-languages=c,c++,objc,obj-c++,java,fortran,ada --enable-java-awt=gtk --disable-dssi --with-java-home=/usr/lib/jvm/java-1.5.0-gcj-1.5.0.0/jre --enable-libgcj-multifile --enable-java-maintainer-mode --with-ecj-jar=/usr/share/java/eclipse-ecj.jar --disable-libjava-multilib --with-ppl --with-cloog --with-tune=generic --with-arch_32=i686 --build=x86_64-redhat-linux
Thread model: posix
gcc version 4.4.7 20120313 (Red Hat 4.4.7-16) (GCC) 
configure:4359: $? = 0
configure:4361: gcc -V </dev/null >&5
gcc: '-V' option must have argument
configure:4364: $? = 1
configure:4367: checking whether we are using the GNU C compiler
configure:4423: result: yes
configure:4429: checking whether gcc accepts -g
configure:4480: result: yes
configure:4497: checking for gcc option to accept ANSI C
configure:4604: result: none needed
configure:4622: gcc -c -g -O2  conftest.c >&5
conftest.c:2: error: expected '=', ',', ';', 'asm' or '__attribute__' before 'me'
configure:4628: $? = 1
configure: failed program was:
| #ifndef __cplusplus
|   choke me
| #endif
configure:4763: checking dependency style of gcc
configure:4853: result: gcc3
configure:4878: checking how to run the C preprocessor
configure:4913: gcc -E  conftest.c
configure:4919: $? = 0
configure:4951: gcc -E  conftest.c
conftest.c:11:28: error: ac_nonexistent.h: No such file or directory
configure:4957: $? = 1
configure: failed program was:
| /* confdefs.h.  */
| 
| #define PACKAGE_NAME ""
| #define PACKAGE_TARNAME ""
| #define PACKAGE_VERSION ""
| #define PACKAGE_STRING ""
| #define PACKAGE_BUGREPORT ""
| #define PACKAGE "awl"
| #define VERSION "0.2"
| /* end confdefs.h.  */
| #include <ac_nonexistent.h>
configure:4996: result: gcc -E
configure:5020: gcc -E  conftest.c
configure:5026: $? = 0
configure:5058: gcc -E  conftest.c
conftest.c:11:28: error: ac_nonexistent.h: No such file or directory
configure:5064: $? = 1
configure: failed program was:
| /* confdefs.h.  */
| 
| #define PACKAGE_NAME ""
| #define PACKAGE_TARNAME ""
| #define PACKAGE_VERSION ""
| #define PACKAGE_STRING ""
| #define PACKAGE_BUGREPORT ""
| #define PACKAGE "awl"
| #define VERSION "0.2"
| /* end confdefs.h.  */
| #include <ac_nonexistent.h>
configure:5108: checking for egrep
configure:5118: result: grep -E
configure:5123: checking for ANSI C header files
configure:5148: gcc -c -g -O2  conftest.c >&5
configure:5154: $? = 0
configure:5158: test -z 
			 || test ! -s conftest.err
configure:5161: $? = 0
configure:5164: test -s conftest.o
configure:5167: $? = 0
configure:5256: gcc -o conftest -g -O2   conftest.c  >&5
conftest.c: In function 'main':
conftest.c:28: warning: incompatible implicit declaration of built-in function 'exit'
configure:5259: $? = 0
configure:5261: ./conftest
configure:5264: $? = 0
configure:5279: result: yes
configure:5368: checking build system type
configure:5386: result: x86_64-redhat-linux-gnu
configure:5394: checking host system type
configure:5408: result: x86_64-redhat-linux-gnu
configure:5416: checking for a sed that does not truncate output
configure:5470: result: /bin/sed
configure:5484: checking for ld used by gcc
configure:5551: result: /usr/bin/ld
configure:5560: checking if the linker (/usr/bin/ld) is GNU ld
configure:5575: result: yes
configure:5580: checking for /usr/bin/ld option to reload object files
configure:5587: result: -r
configure:5596: checking for BSD-compatible nm
configure:5638: result: /usr/bin/nm -B
configure:5642: checking whether ln -s works
configure:5646: result: yes
configure:5653: checking how to recognise dependent libraries
configure:5836: result: pass_all
configure:5920: gcc -c -g -O2  conftest.c >&5
configure:5923: $? = 0
configure:6058: checking for sys/types.h
configure:6074: gcc -c -g -O2  conftest.c >&5
configure:6080: $? = 0
configure:6084: test -z 
			 || test ! -s conftest.err
configure:6087: $? = 0
configure:6090: test -s conftest.o
configure:6093: $? = 0
configure:6104: result: yes
configure:6058: checking for sys/stat.h
configure:6074: gcc -c -g -O2  conftest.c >&5
configure:6080: $? = 0
configure:6084: test -z 
			 || test ! -s conftest.err
configure:6087: $? = 0
configure:6090: test -s conftest.o
configure:6093: $? = 0
configure:6104: result: yes
configure:6058: checking for stdlib.h
configure:6074: gcc -c -g -O2  conftest.c >&5
configure:6080: $? = 0
configure:6084: test -z 
			 || test ! -s conftest.err
configure:6087: $? = 0
configure:6090: test -s conftest.o
configure:6093: $? = 0
configure:6104: result: yes
configure:6058: checking for string.h
configure:6074: gcc -c -g -O2  conftest.c >&5
configure:6080: $? = 0
configure:6084: test -z 
			 || test ! -s conftest.err
configure:6087: $? = 0
configure:6090: test -s conftest.o
configure:6093: $? = 0
configure:6104: result: yes
configure:6058: checking for memory.h
configure:6074: gcc -c -g -O2  conftest.c >&5
configure:6080: $? = 0
configure:6084: test -z 
			 || test ! -s conftest.err
configure:6087: $? = 0
configure:6090: test -s conftest.o
configure:6093: $? = 0
configure:6104: result: yes
configure:6058: checking for strings.h
configure:6074: gcc -c -g -O2  conftest.c >&5
configure:6080: $? = 0
configure:6084: test -z 
			 || test ! -s conftest.err
configure:6087: $? = 0
configure:6090: test -s conftest.o
configure:6093: $? = 0
configure:6104: result: yes
configure:6058: checking for inttypes.h
configure:6074: gcc -c -g -O2  conftest.c >&5
configure:6080: $? = 0
configure:6084: test -z 
			 || test ! -s conftest.err
configure:6087: $? = 0
configure:6090: test -s conftest.o
configure:6093: $? = 0
configure:6104: result: yes
configure:6058: checking for stdint.h
configure:6074: gcc -c -g -O2  conftest.c >&5
configure:6080: $? = 0
configure:6084: test -z 
			 || test ! -s conftest.err
configure:6087: $? = 0
configure:6090: test -s conftest.o
configure:6093: $? = 0
configure:6104: result: yes
configure:6058: checking for unistd.h
configure:6074: gcc -c -g -O2  conftest.c >&5
configure:6080: $? = 0
configure:6084: test -z 
			 || test ! -s conftest.err
configure:6087: $? = 0
configure:6090: test -s conftest.o
configure:6093: $? = 0
configure:6104: result: yes
configure:6130: checking dlfcn.h usability
configure:6142: gcc -c -g -O2  conftest.c >&5
configure:6148: $? = 0
configure:6152: test -z 
			 || test ! -s conftest.err
configure:6155: $? = 0
configure:6158: test -s conftest.o
configure:6161: $? = 0
configure:6171: result: yes
configure:6175: checking dlfcn.h presence
configure:6185: gcc -E  conftest.c
configure:6191: $? = 0
configure:6211: result: yes
configure:6246: checking for dlfcn.h
configure:6253: result: yes
configure:6318: checking for g++
configure:6334: found /usr/bin/g++
configure:6344: result: g++
configure:6360: checking for C++ compiler version
configure:6363: g++ --version </dev/null >&5
g++ (GCC) 4.4.7 20120313 (Red Hat 4.4.7-16)
Copyright (C) 2010 Free Software Foundation, Inc.
This is free software; see the source for copying conditions.  There is NO
warranty; not even for MERCHANTABILITY or FITNESS FOR A PARTICULAR PURPOSE.

configure:6366: $? = 0
configure:6368: g++ -v </dev/null >&5
Using built-in specs.
Target: x86_64-redhat-linux
Configured with: ../configure --prefix=/usr --mandir=/usr/share/man --infodir=/usr/share/info --with-bugurl=http://bugzilla.redhat.com/bugzilla --enable-bootstrap --enable-shared --enable-threads=posix --enable-checking=release --with-system-zlib --enable-__cxa_atexit --disable-libunwind-exceptions --enable-gnu-unique-object --enable-languages=c,c++,objc,obj-c++,java,fortran,ada --enable-java-awt=gtk --disable-dssi --with-java-home=/usr/lib/jvm/java-1.5.0-gcj-1.5.0.0/jre --enable-libgcj-multifile --enable-java-maintainer-mode --with-ecj-jar=/usr/share/java/eclipse-ecj.jar --disable-libjava-multilib --with-ppl --with-cloog --with-tune=generic --with-arch_32=i686 --build=x86_64-redhat-linux
Thread model: posix
gcc version 4.4.7 20120313 (Red Hat 4.4.7-16) (GCC) 
configure:6371: $? = 0
configure:6373: g++ -V </dev/null >&5
g++: '-V' option must have argument
configure:6376: $? = 1
configure:6379: checking whether we are using the GNU C++ compiler
configure:6403: g++ -c   conftest.cc >&5
configure:6409: $? = 0
configure:6413: test -z 
			 || test ! -s conftest.err
configure:6416: $? = 0
configure:6419: test -s conftest.o
configure:6422: $? = 0
configure:6435: result: yes
configure:6441: checking whether g++ accepts -g
configure:6462: g++ -c -g  conftest.cc >&5
configure:6468: $? = 0
configure:6472: test -z 
			 || test ! -s conftest.err
configure:6475: $? = 0
configure:6478: test -s conftest.o
configure:6481: $? = 0
configure:6492: result: yes
configure:6534: g++ -c -g -O2  conftest.cc >&5
configure:6540: $? = 0
configure:6544: test -z 
			 || test ! -s conftest.err
configure:6547: $? = 0
configure:6550: test -s conftest.o
configure:6553: $? = 0
configure:6579: g++ -c -g -O2  conftest.cc >&5
conftest.cc: In function 'int main()':
conftest.cc:26: error: 'exit' was not declared in this scope
configure:6585: $? = 1
configure: failed program was:
| /* confdefs.h.  */
| 
| #define PACKAGE_NAME ""
| #define PACKAGE_TARNAME ""
| #define PACKAGE_VERSION ""
| #define PACKAGE_STRING ""
| #define PACKAGE_BUGREPORT ""
| #define PACKAGE "awl"
| #define VERSION "0.2"
| #define STDC_HEADERS 1
| #define HAVE_SYS_TYPES_H 1
| #define HAVE_SYS_STAT_H 1
| #define HAVE_STDLIB_H 1
| #define HAVE_STRING_H 1
| #define HAVE_MEMORY_H 1
| #define HAVE_STRINGS_H 1
| #define HAVE_INTTYPES_H 1
| #define HAVE_STDINT_H 1
| #define HAVE_UNISTD_H 1
| #define HAVE_DLFCN_H 1
| /* end confdefs.h.  */
| 
| int
| main ()
| {
| exit (42);
|   ;
|   return 0;
| }
configure:6534: g++ -c -g -O2  conftest.cc >&5
conftest.cc:22: error: 'void std::exit(int)' should have been declared inside 'std'
configure:6540: $? = 1
configure: failed program was:
| /* confdefs.h.  */
| 
| #define PACKAGE_NAME ""
| #define PACKAGE_TARNAME ""
| #define PACKAGE_VERSION ""
| #define PACKAGE_STRING ""
| #define PACKAGE_BUGREPORT ""
| #define PACKAGE "awl"
| #define VERSION "0.2"
| #define STDC_HEADERS 1
| #define HAVE_SYS_TYPES_H 1
| #define HAVE_SYS_STAT_H 1
| #define HAVE_STDLIB_H 1
| #define HAVE_STRING_H 1
| #define HAVE_MEMORY_H 1
| #define HAVE_STRINGS_H 1
| #define HAVE_INTTYPES_H 1
| #define HAVE_STDINT_H 1
| #define HAVE_UNISTD_H 1
| #define HAVE_DLFCN_H 1
| /* end confdefs.h.  */
| extern "C" void std::exit (int) throw (); using std::exit;
| #include <stdlib.h>
| int
| main ()
| {
| exit (42);
|   ;
|   return 0;
| }
configure:6534: g++ -c -g -O2  conftest.cc >&5
conftest.cc:22: error: 'void std::exit(int)' should have been declared inside 'std'
In file included from conftest.cc:23:
/usr/include/stdlib.h:544: error: declaration of 'void std::exit(int) throw ()' throws different exceptions
conftest.cc:22: error: from previous declaration 'void std::exit(int)'
configure:6540: $? = 1
configure: failed program was:
| /* confdefs.h.  */
| 
| #define PACKAGE_NAME ""
| #define PACKAGE_TARNAME ""
| #define PACKAGE_VERSION ""
| #define PACKAGE_STRING ""
| #define PACKAGE_BUGREPORT ""
| #define PACKAGE "awl"
| #define VERSION "0.2"
| #define STDC_HEADERS 1
| #define HAVE_SYS_TYPES_H 1
| #define HAVE_SYS_STAT_H 1
| #define HAVE_STDLIB_H 1
| #define HAVE_STRING_H 1
| #define HAVE_MEMORY_H 1
| #define HAVE_STRINGS_H 1
| #define HAVE_INTTYPES_H 1
| #define HAVE_STDINT_H 1
| #define HAVE_UNISTD_H 1
| #define HAVE_DLFCN_H 1
| /* end confdefs.h.  */
| extern "C" void std::exit (int); using std::exit;
| #include <stdlib.h>
| int
| main ()
| {
| exit (42);
|   ;
|   return 0;
| }
configure:6534: g++ -c -g -O2  conftest.cc >&5
configure:6540: $? = 0
configure:6544: test -z 
			 || test ! -s conftest.err
configure:6547: $? = 0
configure:6550: test -s conftest.o
configure:6553: $? = 0
configure:6579: g++ -c -g -O2  conftest.cc >&5
configure:6585: $? = 0
configure:6589: test -z 
			 || test ! -s conftest.err
configure:6592: $? = 0
configure:6595: test -s conftest.o
configure:6598: $? = 0
configure:6623: checking dependency style of g++
configure:6713: result: gcc3
configure:6735: checking how to run the C++ preprocessor
configure:6766: g++ -E  conftest.cc
configure:6772: $? = 0
configure:6804: g++ -E  conftest.cc
conftest.cc:25:28: error: ac_nonexistent.h: No such file or directory
configure:6810: $? = 1
configure: failed program was:
| /* confdefs.h.  */
| 
| #define PACKAGE_NAME ""
| #define PACKAGE_TARNAME ""
| #define PACKAGE_VERSION ""
| #define PACKAGE_STRING ""
| #define PACKAGE_BUGREPORT ""
| #define PACKAGE "awl"
| #define VERSION "0.2"
| #define STDC_HEADERS 1
| #define HAVE_SYS_TYPES_H 1
| #define HAVE_SYS_STAT_H 1
| #define HAVE_STDLIB_H 1
| #define HAVE_STRING_H 1
| #define HAVE_MEMORY_H 1
| #define HAVE_STRINGS_H 1
| #define HAVE_INTTYPES_H 1
| #define HAVE_STDINT_H 1
| #define HAVE_UNISTD_H 1
| #define HAVE_DLFCN_H 1
| #ifdef __cplusplus
| extern "C" void exit (int) throw ();
| #endif
| /* end confdefs.h.  */
| #include <ac_nonexistent.h>
configure:6849: result: g++ -E
configure:6873: g++ -E  conftest.cc
configure:6879: $? = 0
configure:6911: g++ -E  conftest.cc
conftest.cc:25:28: error: ac_nonexistent.h: No such file or directory
configure:6917: $? = 1
configure: failed program was:
| /* confdefs.h.  */
| 
| #define PACKAGE_NAME ""
| #define PACKAGE_TARNAME ""
| #define PACKAGE_VERSION ""
| #define PACKAGE_STRING ""
| #define PACKAGE_BUGREPORT ""
| #define PACKAGE "awl"
| #define VERSION "0.2"
| #define STDC_HEADERS 1
| #define HAVE_SYS_TYPES_H 1
| #define HAVE_SYS_STAT_H 1
| #define HAVE_STDLIB_H 1
| #define HAVE_STRING_H 1
| #define HAVE_MEMORY_H 1
| #define HAVE_STRINGS_H 1
| #define HAVE_INTTYPES_H 1
| #define HAVE_STDINT_H 1
| #define HAVE_UNISTD_H 1
| #define HAVE_DLFCN_H 1
| #ifdef __cplusplus
| extern "C" void exit (int) throw ();
| #endif
| /* end confdefs.h.  */
| #include <ac_nonexistent.h>
configure:7012: checking for g77
configure:7041: result: no
configure:7012: checking for f77
configure:7041: result: no
configure:7012: checking for xlf
configure:7041: result: no
configure:7012: checking for frt
configure:7041: result: no
configure:7012: checking for pgf77
configure:7041: result: no
configure:7012: checking for fort77
configure:7041: result: no
configure:7012: checking for fl32
configure:7041: result: no
configure:7012: checking for af77
configure:7041: result: no
configure:7012: checking for f90
configure:7041: result: no
configure:7012: checking for xlf90
configure:7041: result: no
configure:7012: checking for pgf90
configure:7041: result: no
configure:7012: checking for epcf90
configure:7041: result: no
configure:7012: checking for f95
configure:7041: result: no
configure:7012: checking for fort
configure:7041: result: no
configure:7012: checking for xlf95
configure:7041: result: no
configure:7012: checking for ifc
configure:7041: result: no
configure:7012: checking for efc
configure:7041: result: no
configure:7012: checking for pgf95
configure:7041: result: no
configure:7012: checking for lf95
configure:7041: result: no
configure:7012: checking for gfortran
configure:7041: result: no
configure:7053: checking for Fortran 77 compiler version
configure:7056:  --version </dev/null >&5
./configure: line 7057: --version: command not found
configure:7059: $? = 127
configure:7061:  -v </dev/null >&5
./configure: line 7062: -v: command not found
configure:7064: $? = 127
configure:7066:  -V </dev/null >&5
./configure: line 7067: -V: command not found
configure:7069: $? = 127
configure:7077: checking whether we are using the GNU Fortran 77 compiler
configure:7091:  -c  conftest.F >&5
./configure: line 7092: -c: command not found
configure:7097: $? = 127
configure: failed program was:
|       program main
| #ifndef __GNUC__
|        choke me
| #endif
| 
|       end
configure:7123: result: no
configure:7129: checking whether  accepts -g
configure:7141:  -c -g conftest.f >&5
./configure: line 7142: -c: command not found
configure:7147: $? = 127
configure: failed program was:
|       program main
| 
|       end
configure:7172: result: no
configure:7202: checking the maximum length of command line arguments
configure:7267: result: 32768
configure:7278: checking command to parse /usr/bin/nm -B output from gcc object
configure:7367: gcc -c -g -O2  conftest.c >&5
configure:7370: $? = 0
configure:7374: /usr/bin/nm -B conftest.o \| sed -n -e 's/^.*[ 	]\([ABCDGIRSTW][ABCDGIRSTW]*\)[ 	][ 	]*\(\)\([_A-Za-z][_A-Za-z0-9]*\)$/\1 \2\3 \3/p' \> conftest.nm
configure:7377: $? = 0
configure:7429: gcc -o conftest -g -O2   conftest.c conftstm.o >&5
configure:7432: $? = 0
configure:7470: result: ok
configure:7474: checking for objdir
configure:7489: result: .libs
configure:7579: checking for ar
configure:7595: found /usr/bin/ar
configure:7606: result: ar
configure:7659: checking for ranlib
configure:7675: found /usr/bin/ranlib
configure:7686: result: ranlib
configure:7739: checking for strip
configure:7755: found /usr/bin/strip
configure:7766: result: strip
configure:8028: checking if gcc static flag  works
configure:8051: result: yes
configure:8069: checking if gcc supports -fno-rtti -fno-exceptions
configure:8087: gcc -c -g -O2  -fno-rtti -fno-exceptions conftest.c >&5
cc1: warning: command line option "-fno-rtti" is valid for C++/ObjC++ but not for C
configure:8091: $? = 0
configure:8102: result: no
configure:8117: checking for gcc option to produce PIC
configure:8294: result: -fPIC
configure:8302: checking if gcc PIC flag -fPIC works
configure:8320: gcc -c -g -O2  -fPIC -DPIC conftest.c >&5
configure:8324: $? = 0
configure:8335: result: yes
configure:8359: checking if gcc supports -c -o file.o
configure:8380: gcc -c -g -O2  -o out/conftest2.o conftest.c >&5
configure:8384: $? = 0
configure:8404: result: yes
configure:8430: checking whether the gcc linker (/usr/bin/ld -m elf_x86_64) supports shared libraries
configure:9278: result: yes
configure:9304: checking whether -lc should be explicitly linked in
configure:9309: gcc -c -g -O2  conftest.c >&5
configure:9312: $? = 0
configure:9326: gcc -shared conftest.o  -v -Wl,-soname -Wl,conftest -o conftest 2\>\&1 \| grep  -lc  \>/dev/null 2\>\&1
configure:9329: $? = 0
configure:9341: result: no
configure:9349: checking dynamic linker characteristics
configure:9715: gcc -c -g -O2  conftest.c >&5
configure:9718: $? = 0
configure:9910: result: GNU/Linux ld.so
configure:9914: checking how to hardcode library paths into programs
configure:9939: result: immediate
configure:9953: checking whether stripping libraries is possible
configure:9958: result: yes
configure:10788: checking if libtool supports shared libraries
configure:10790: result: yes
configure:10793: checking whether to build shared libraries
configure:10851: result: yes
configure:10854: checking whether to build static libraries
configure:10858: result: yes
configure:10950: creating libtool
configure:11497: checking for ld used by g++
configure:11564: result: /usr/bin/ld -m elf_x86_64
configure:11573: checking if the linker (/usr/bin/ld -m elf_x86_64) is GNU ld
configure:11588: result: yes
configure:11639: checking whether the g++ linker (/usr/bin/ld -m elf_x86_64) supports shared libraries
configure:12467: result: yes
configure:12485: g++ -c -g -O2  conftest.cc >&5
configure:12488: $? = 0
configure:12584: checking for g++ option to produce PIC
configure:12836: result: -fPIC
configure:12844: checking if g++ PIC flag -fPIC works
configure:12862: g++ -c -g -O2  -fPIC -DPIC conftest.cc >&5
configure:12866: $? = 0
configure:12877: result: yes
configure:12901: checking if g++ supports -c -o file.o
configure:12922: g++ -c -g -O2  -o out/conftest2.o conftest.cc >&5
configure:12926: $? = 0
configure:12946: result: yes
configure:12972: checking whether the g++ linker (/usr/bin/ld -m elf_x86_64) supports shared libraries
configure:12997: result: yes
configure:13068: checking dynamic linker characteristics
configure:13434: g++ -c -g -O2  conftest.cc >&5
configure:13437: $? = 0
configure:13629: result: GNU/Linux ld.so
configure:13633: checking how to hardcode library paths into programs
configure:13658: result: immediate
configure:13672: checking whether stripping libraries is possible
configure:13677: result: yes
configure:21161: creating ./config.status

## ---------------------- ##
## Running config.status. ##
## ---------------------- ##

This file was extended by config.status, which was
generated by GNU Autoconf 2.59.  Invocation command line was

  CONFIG_FILES    = 
  CONFIG_HEADERS  = 
  CONFIG_LINKS    = 
  CONFIG_COMMANDS = 
  $ ./config.status 

on tut

config.status:729: creating Makefile
config.status:729: creating include/Makefile
config.status:729: creating src/Makefile
config.status:833: creating config.h
config.status:953: config.h is unchanged
config.status:1133: executing depfiles commands

## ---------------- ##
## Cache variables. ##
## ---------------- ##

ac_cv_build=x86_64-redhat-linux-gnu
ac_cv_build_alias=x86_64-redhat-linux-gnu
ac_cv_c_compiler_gnu=yes
ac_cv_cxx_compiler_gnu=yes
ac_cv_env_CC_set=
ac_cv_env_CC_value=
ac_cv_env_CFLAGS_set=
ac_cv_env_CFLAGS_value=
ac_cv_env_CPPFLAGS_set=
ac_cv_env_CPPFLAGS_value=
ac_cv_env_CPP_set=
ac_cv_env_CPP_value=
ac_cv_env_CXXCPP_set=
ac_cv_env_CXXCPP_value=
ac_cv_env_CXXFLAGS_set=
ac_cv_env_CXXFLAGS_value=
ac_cv_env_CXX_set=
ac_cv_env_CXX_value=
ac_cv_env_F77_set=
ac_cv_env_F77_value=
ac_cv_env_FFLAGS_set=
ac_cv_env_FFLAGS_value=
ac_cv_env_LDFLAGS_set=
ac_cv_env_LDFLAGS_value=
ac_cv_env_build_alias_set=
ac_cv_env_build_alias_value=
ac_cv_env_host_alias_set=
ac_cv_env_host_alias_value=
ac_cv_env_target_alias_set=
ac_cv_env_target_alias_value=
ac_cv_exeext=
ac_cv_f77_compiler_gnu=no
ac_cv_header_dlfcn_h=yes
ac_cv_header_inttypes_h=yes
ac_cv_header_memory_h=yes
ac_cv_header_stdc=yes
ac_cv_header_stdint_h=yes
ac_cv_header_stdlib_h=yes
ac_cv_header_string_h=yes
ac_cv_header_strings_h=yes
ac_cv_header_sys_stat_h=yes
ac_cv_header_sys_types_h=yes
ac_cv_header_unistd_h=yes
ac_cv_host=x86_64-redhat-linux-gnu
ac_cv_host_alias=x86_64-redhat-linux-gnu
ac_cv_objext=o
ac_cv_path_install='/usr/bin/install -c'
ac_cv_prog_AWK=gawk
ac_cv_prog_CPP='gcc -E'
ac_cv_prog_CXXCPP='g++ -E'
ac_cv_prog_ac_ct_AR=ar
ac_cv_prog_ac_ct_CC=gcc
ac_cv_prog_ac_ct_CXX=g++
ac_cv_prog_ac_ct_RANLIB=ranlib
ac_cv_prog_ac_ct_STRIP=strip
ac_cv_prog_cc_g=yes
ac_cv_prog_cc_stdc=
ac_cv_prog_cxx_g=yes
ac_cv_prog_egrep='grep -E'
ac_cv_prog_f77_g=no
ac_cv_prog_make_make_set=yes
ac_cv_search_strerror='none required'
am_cv_CC_dependencies_compiler_type=gcc3
am_cv_CXX_dependencies_compiler_type=gcc3
am_cv_prog_cc_stdc=
lt_cv_deplibs_check_method=pass_all
lt_cv_file_magic_cmd='$MAGIC_CMD'
lt_cv_file_magic_test_file='/lib/libc.so* /lib/libc-*.so'
lt_cv_ld_reload_flag=-r
lt_cv_objdir=.libs
lt_cv_path_LD=/usr/bin/ld
lt_cv_path_LDCXX='/usr/bin/ld -m elf_x86_64'
lt_cv_path_NM='/usr/bin/nm -B'
lt_cv_path_SED=/bin/sed
lt_cv_prog_compiler_c_o=yes
lt_cv_prog_compiler_c_o_CXX=yes
lt_cv_prog_compiler_rtti_exceptions=no
lt_cv_prog_gnu_ld=yes
lt_cv_prog_gnu_ldcxx=yes
lt_cv_sys_global_symbol_pipe='sed -n -e '\''s/^.*[ 	]\([ABCDGIRSTW][ABCDGIRSTW]*\)[ 	][ 	]*\(\)\([_A-Za-z][_A-Za-z0-9]*\)$/\1 \2\3 \3/p'\'''
lt_cv_sys_global_symbol_to_c_name_address='sed -n -e '\''s/^: \([^ ]*\) $/  {\"\1\", (lt_ptr) 0},/p'\'' -e '\''s/^[BCDEGRST] \([^ ]*\) \([^ ]*\)$/  {"\2", (lt_ptr) \&\2},/p'\'''
lt_cv_sys_global_symbol_to_cdecl='sed -n -e '\''s/^. .* \(.*\)$/extern int \1;/p'\'''
lt_cv_sys_max_cmd_len=32768
lt_lt_cv_prog_compiler_c_o='"yes"'
lt_lt_cv_prog_compiler_c_o_CXX='"yes"'
lt_lt_cv_sys_global_symbol_pipe='"sed -n -e '\''s/^.*[ 	]\\([ABCDGIRSTW][ABCDGIRSTW]*\\)[ 	][ 	]*\\(\\)\\([_A-Za-z][_A-Za-z0-9]*\\)\$/\\1 \\2\\3 \\3/p'\''"'
lt_lt_cv_sys_global_symbol_to_c_name_address='"sed -n -e '\''s/^: \\([^ ]*\\) \$/  {\\\"\\1\\\", (lt_ptr) 0},/p'\'' -e '\''s/^[BCDEGRST] \\([^ ]*\\) \\([^ ]*\\)\$/  {\"\\2\", (lt_ptr) \\&\\2},/p'\''"'
lt_lt_cv_sys_global_symbol_to_cdecl='"sed -n -e '\''s/^. .* \\(.*\\)\$/extern int \\1;/p'\''"'

## ----------------- ##
## Output variables. ##
## ----------------- ##

ACLOCAL='${SHELL} /home/tut/awl-0.2/missing --run aclocal-1.9'
AMDEPBACKSLASH='\'
AMDEP_FALSE='#'
AMDEP_TRUE=''
AMTAR='${SHELL} /home/tut/awl-0.2/missing --run tar'
AR='ar'
AUTOCONF='${SHELL} /home/tut/awl-0.2/missing --run autoconf'
AUTOHEADER='${SHELL} /home/tut/awl-0.2/missing --run autoheader'
AUTOMAKE='${SHELL} /home/tut/awl-0.2/missing --run automake-1.9'
AWK='gawk'
CC='gcc'
CCDEPMODE='depmode=gcc3'
CFLAGS='-g -O2'
CPP='gcc -E'
CPPFLAGS=''
CXX='g++'
CXXCPP='g++ -E'
CXXDEPMODE='depmode=gcc3'
CXXFLAGS='-g -O2'
CYGPATH_W='echo'
DEFS='-DHAVE_CONFIG_H'
DEPDIR='.deps'
ECHO='echo'
ECHO_C=''
ECHO_N='-n'
ECHO_T=''
EGREP='grep -E'
EXEEXT=''
F77=''
FFLAGS=''
INSTALL_DATA='${INSTALL} -m 644'
INSTALL_PROGRAM='${INSTALL}'
INSTALL_SCRIPT='${INSTALL}'
INSTALL_STRIP_PROGRAM='${SHELL} $(install_sh) -c -s'
LDFLAGS=''
LIBOBJS=''
LIBS=''
LIBTOOL='$(SHELL) $(top_builddir)/libtool'
LN_S='ln -s'
LTLIBOBJS=''
MAINT='#'
MAINTAINER_MODE_FALSE=''
MAINTAINER_MODE_TRUE='#'
MAKEINFO='${SHELL} /home/tut/awl-0.2/missing --run makeinfo'
NO_PREFIX_PACKAGE_DATA_DIR='share'
NO_PREFIX_PACKAGE_DOC_DIR='doc/awl'
NO_PREFIX_PACKAGE_HELP_DIR='share/help'
NO_PREFIX_PACKAGE_MENU_DIR='share'
NO_PREFIX_PACKAGE_PIXMAPS_DIR='share/pixmaps'
OBJEXT='o'
PACKAGE='awl'
PACKAGE_BUGREPORT=''
PACKAGE_DATA_DIR='/usr/local/share'
PACKAGE_DOC_DIR='/usr/local/doc/awl'
PACKAGE_HELP_DIR='/usr/local/share/help'
PACKAGE_MENU_DIR='/usr/local/share'
PACKAGE_NAME=''
PACKAGE_PIXMAPS_DIR='/usr/local/share/pixmaps'
PACKAGE_STRING=''
PACKAGE_TARNAME=''
PACKAGE_VERSION=''
PATH_SEPARATOR=':'
RANLIB='ranlib'
SET_MAKE=''
SHELL='/bin/sh'
STRIP='strip'
VERSION='0.2'
ac_ct_AR='ar'
ac_ct_CC='gcc'
ac_ct_CXX='g++'
ac_ct_F77=''
ac_ct_RANLIB='ranlib'
ac_ct_STRIP='strip'
am__fastdepCC_FALSE='#'
am__fastdepCC_TRUE=''
am__fastdepCXX_FALSE='#'
am__fastdepCXX_TRUE=''
am__include='include'
am__leading_dot='.'
am__quote=''
am__tar='${AMTAR} chof - "$$tardir"'
am__untar='${AMTAR} xf -'
bindir='${exec_prefix}/bin'
build='x86_64-redhat-linux-gnu'
build_alias=''
build_cpu='x86_64'
build_os='linux-gnu'
build_vendor='redhat'
datadir='${prefix}/share'
exec_prefix='${prefix}'
host='x86_64-redhat-linux-gnu'
host_alias=''
host_cpu='x86_64'
host_os='linux-gnu'
host_vendor='redhat'
includedir='${prefix}/include'
infodir='${prefix}/info'
install_sh='/home/tut/awl-0.2/install-sh'
libdir='${exec_prefix}/lib'
libexecdir='${exec_prefix}/libexec'
localstatedir='${prefix}/var'
mandir='${prefix}/man'
mkdir_p='mkdir -p --'
oldincludedir='/usr/include'
prefix='/usr/local'
program_transform_name='s,x,x,'
sbindir='${exec_prefix}/sbin'
sharedstatedir='${prefix}/com'
sysconfdir='${prefix}/etc'
target_alias=''

## ----------- ##
## confdefs.h. ##
## ----------- ##

#define HAVE_DLFCN_H 1
#define HAVE_INTTYPES_H 1
#define HAVE_MEMORY_H 1
#define HAVE_STDINT_H 1
#define HAVE_STDLIB_H 1
#define HAVE_STRINGS_H 1
#define HAVE_STRING_H 1
#define HAVE_SYS_STAT_H 1
#define HAVE_SYS_TYPES_H 1
#define HAVE_UNISTD_H 1
#define PACKAGE "awl"
#define PACKAGE_BUGREPORT ""
#define PACKAGE_DATA_DIR "/usr/local/share"
#define PACKAGE_DOC_DIR "/usr/local/doc/awl"
#define PACKAGE_HELP_DIR "/usr/local/share/help"
#define PACKAGE_MENU_DIR "/usr/local/share"
#define PACKAGE_NAME ""
#define PACKAGE_PIXMAPS_DIR "/usr/local/share/pixmaps"
#define PACKAGE_SOURCE_DIR "/home/tut/awl-0.2"
#define PACKAGE_STRING ""
#define PACKAGE_TARNAME ""
#define PACKAGE_VERSION ""
#define STDC_HEADERS 1
#define VERSION "0.2"
#endif
#ifdef __cplusplus
extern "C" void exit (int) throw ();

configure: exit 0
